<?xml version="1.0" encoding="UTF-8"?>
<testsuite xmlns:xsi="http://www.w3.org/2001/XMLSchema-instance" xsi:noNamespaceSchemaLocation="https://maven.apache.org/surefire/maven-surefire-plugin/xsd/surefire-test-report.xsd" version="3.0.2" name="parameterCIUTest" time="0.07" tests="5" errors="0" skipped="0" failures="0">
  <properties>
[...]
</properties>
  <testcase name="testValidarEmail[0]" classname="parameterCIUTest" time="0.014">
    <system-out><![CDATA[Testeando email: jorgesys@tototita.com | Esperado: true
]]></system-out>
  </testcase>
  <testcase name="testValidarEmail[1]" classname="parameterCIUTest" time="0.001">
    <system-out><![CDATA[Testeando email: jorgesys@tototitacom | Esperado: false
]]></system-out>
  </testcase>
  <testcase name="testValidarEmail[2]" classname="parameterCIUTest" time="0.003">
    <system-out><![CDATA[Testeando email: jorgesystototita.com | Esperado: false
]]></system-out>
  </testcase>
  <testcase name="testValidarEmail[3]" classname="parameterCIUTest" time="0.001">
    <system-out><![CDATA[Testeando email: @jorgesystototita.com | Esperado: false
]]></system-out>
  </testcase>
  <testcase name="testValidarEmail[4]" classname="parameterCIUTest" time="0.0">
    <system-out><![CDATA[Testeando email: .jorgesystototita@com | Esperado: false
]]></system-out>
  </testcase>
</testsuite>