<?xml version="1.0" encoding="UTF-8"?>
<testsuite xmlns:xsi="http://www.w3.org/2001/XMLSchema-instance" xsi:noNamespaceSchemaLocation="https://maven.apache.org/surefire/maven-surefire-plugin/xsd/surefire-test-report.xsd" version="3.0.2" name="CiudadanoTest" time="0.121" tests="5" errors="1" skipped="0" failures="1">
  <properties>
[...]
</properties>
  <testcase name="testCiudadanosDiferentes" classname="CiudadanoTest" time="0.003">
    <system-out><![CDATA[INGRESO de ciudadano del bien
--------------------------------------------------
Test numero: 1
--------------------------------------------------
]]></system-out>
  </testcase>
  <testcase name="testDelay" classname="CiudadanoTest" time="0.052">
    <error message="test timed out after 30 milliseconds" type="org.junit.runners.model.TestTimedOutException"><![CDATA[org.junit.runners.model.TestTimedOutException: test timed out after 30 milliseconds
	at java.base/java.lang.Thread.sleepNanos0(Native Method)
	at java.base/java.lang.Thread.sleepNanos(Thread.java:551)
	at java.base/java.lang.Thread.sleep(Thread.java:582)
	at com.mycompany.parcial2.abatedagatomas.Ciudadano.delay(Ciudadano.java:65)
	at CiudadanoTest.testDelay(CiudadanoTest.java:72)
	at java.base/jdk.internal.reflect.DirectMethodHandleAccessor.invoke(DirectMethodHandleAccessor.java:104)
	at java.base/java.lang.reflect.Method.invoke(Method.java:565)
	at org.junit.runners.model.FrameworkMethod$1.runReflectiveCall(FrameworkMethod.java:59)
	at org.junit.internal.runners.model.ReflectiveCallable.run(ReflectiveCallable.java:12)
	at org.junit.runners.model.FrameworkMethod.invokeExplosively(FrameworkMethod.java:56)
	at org.junit.internal.runners.statements.InvokeMethod.evaluate(InvokeMethod.java:17)
	at org.junit.internal.runners.statements.FailOnTimeout$CallableStatement.call(FailOnTimeout.java:299)
	at org.junit.internal.runners.statements.FailOnTimeout$CallableStatement.call(FailOnTimeout.java:293)
	at java.base/java.util.concurrent.FutureTask.run(FutureTask.java:330)
	at java.base/java.lang.Thread.run(Thread.java:1516)
]]></error>
    <system-out><![CDATA[--------------------------------------------------
Test numero: 2
--------------------------------------------------
Delay de 45 milisegundos
]]></system-out>
  </testcase>
  <testcase name="testValidarUsr" classname="CiudadanoTest" time="0.002">
    <failure message="Se esperaba que falle la validacion" type="java.lang.AssertionError"><![CDATA[java.lang.AssertionError: Se esperaba que falle la validacion
	at org.junit.Assert.fail(Assert.java:89)
	at org.junit.Assert.assertTrue(Assert.java:42)
	at CiudadanoTest.testValidarUsr(CiudadanoTest.java:48)
	at java.base/jdk.internal.reflect.DirectMethodHandleAccessor.invoke(DirectMethodHandleAccessor.java:104)
	at java.base/java.lang.reflect.Method.invoke(Method.java:565)
	at org.junit.runners.model.FrameworkMethod$1.runReflectiveCall(FrameworkMethod.java:59)
	at org.junit.internal.runners.model.ReflectiveCallable.run(ReflectiveCallable.java:12)
	at org.junit.runners.model.FrameworkMethod.invokeExplosively(FrameworkMethod.java:56)
	at org.junit.internal.runners.statements.InvokeMethod.evaluate(InvokeMethod.java:17)
	at org.junit.internal.runners.statements.RunBefores.evaluate(RunBefores.java:26)
	at org.junit.internal.runners.statements.RunAfters.evaluate(RunAfters.java:27)
	at org.junit.runners.ParentRunner$3.evaluate(ParentRunner.java:306)
	at org.junit.runners.BlockJUnit4ClassRunner$1.evaluate(BlockJUnit4ClassRunner.java:100)
	at org.junit.runners.ParentRunner.runLeaf(ParentRunner.java:366)
	at org.junit.runners.BlockJUnit4ClassRunner.runChild(BlockJUnit4ClassRunner.java:103)
	at org.junit.runners.BlockJUnit4ClassRunner.runChild(BlockJUnit4ClassRunner.java:63)
	at org.junit.runners.ParentRunner$4.run(ParentRunner.java:331)
	at org.junit.runners.ParentRunner$1.schedule(ParentRunner.java:79)
	at org.junit.runners.ParentRunner.runChildren(ParentRunner.java:329)
	at org.junit.runners.ParentRunner.access$100(ParentRunner.java:66)
	at org.junit.runners.ParentRunner$2.evaluate(ParentRunner.java:293)
	at org.junit.internal.runners.statements.RunBefores.evaluate(RunBefores.java:26)
	at org.junit.internal.runners.statements.RunAfters.evaluate(RunAfters.java:27)
	at org.junit.runners.ParentRunner$3.evaluate(ParentRunner.java:306)
	at org.junit.runners.ParentRunner.run(ParentRunner.java:413)
	at org.apache.maven.surefire.junit4.JUnit4Provider.execute(JUnit4Provider.java:316)
	at org.apache.maven.surefire.junit4.JUnit4Provider.executeWithRerun(JUnit4Provider.java:240)
	at org.apache.maven.surefire.junit4.JUnit4Provider.executeTestSet(JUnit4Provider.java:214)
	at org.apache.maven.surefire.junit4.JUnit4Provider.invoke(JUnit4Provider.java:155)
	at org.apache.maven.surefire.booter.ForkedBooter.runSuitesInProcess(ForkedBooter.java:385)
	at org.apache.maven.surefire.booter.ForkedBooter.execute(ForkedBooter.java:162)
	at org.apache.maven.surefire.booter.ForkedBooter.run(ForkedBooter.java:507)
	at org.apache.maven.surefire.booter.ForkedBooter.main(ForkedBooter.java:495)
]]></failure>
    <system-out><![CDATA[--------------------------------------------------
Test numero: 3
--------------------------------------------------
]]></system-out>
  </testcase>
  <testcase name="TestCambioPass" classname="CiudadanoTest" time="0.002">
    <system-out><![CDATA[--------------------------------------------------
Test numero: 4
cambioPass
Nuevo Pass> 1234
--------------------------------------------------
]]></system-out>
  </testcase>
  <testcase name="testValidarEmail" classname="CiudadanoTest" time="0.0">
    <system-out><![CDATA[--------------------------------------------------
Test numero: 5
--------------------------------------------------
]]></system-out>
  </testcase>
</testsuite>